
== Kubernetes node 상태 ==
NAME                     STATUS   ROLES           AGE     VERSION   INTERNAL-IP   EXTERNAL-IP   OS-IMAGE                         KERNEL-VERSION                     CONTAINER-RUNTIME
aigw-v04-control-plane   Ready    control-plane   5h36m   v1.32.0   172.24.0.2    <none>        Debian GNU/Linux 12 (bookworm)   6.6.87.2-microsoft-standard-WSL2   containerd://1.7.24

== Envoy Gateway Pod 상태 ==
NAME                                                             READY   STATUS      RESTARTS   AGE
eg-gateway-helm-certgen-hd6kg                                    0/1     Completed   0          27s
envoy-default-envoy-ai-gateway-basic-21a9f8f8-577696f586-tmbxl   3/3     Running     0          3h58m
envoy-gateway-6d847559f4-z9jw7                                   1/1     Running     0          5h34m

== AI Gateway Controller Pod 상태 ==
NAME                                     READY   STATUS    RESTARTS   AGE
ai-gateway-controller-845d6b6fc5-m8fs6   1/1     Running   0          5h34m

== Gateway 상태 ==
NAME                     CLASS                    ADDRESS   PROGRAMMED   AGE
envoy-ai-gateway-basic   envoy-ai-gateway-basic             False        3h58m

== Gateway describe 확인 안내 ==
다음 명령으로 Listener 조건을 확인하세요.
확인할 주요 조건: Accepted=True, ResolvedRefs=True, Programmed=True

kubectl describe gateway envoy-ai-gateway-basic

== AIGatewayRoute 상태 ==
NAME                     STATUS
envoy-ai-gateway-basic   Accepted

== AIGatewayRoute describe 확인 명령 ==
kubectl describe aigatewayroute envoy-ai-gateway-basic

== AIServiceBackend 상태 ==
NAME                                  STATUS
envoy-ai-gateway-basic-testupstream   Accepted

== AIServiceBackend describe 확인 명령 ==
kubectl describe aiservicebackend envoy-ai-gateway-basic-testupstream

== Envoy Service 이름 추출 ==
ENVOY_SERVICE=envoy-default-envoy-ai-gateway-basic-21a9f8f8

== 별도 터미널에서 port-forward 실행 ==
kubectl port-forward -n envoy-gateway-system svc/envoy-default-envoy-ai-gateway-basic-21a9f8f8 8080:80

== port-forward 이후 curl 테스트 ==
curl -i \
  -H "Content-Type: application/json" \
  -H "x-ai-eg-model: some-cool-self-hosted-model" \
  -d '{
    "model": "some-cool-self-hosted-model",
    "messages": [
      {
        "role": "system",
        "content": "Hi."
      }
    ]
  }' \
  http://localhost:8080/v1/chat/completions

성공 기준:
- HTTP/1.1 200 OK
- 응답 헤더에 x-model: some-cool-self-hosted-model 포함
- 응답 body에 assistant message 포함
