DATAPLANE_DEPLOYMENT=envoy-default-envoy-ai-gateway-basic-21a9f8f8

== 현재 ExtProc image ==
POD=envoy-default-envoy-ai-gateway-basic-21a9f8f8-7d6cdc8fbb-j2d4l
docker.io/envoyproxy/ai-gateway-extproc:v0.5.0

== invalid image GatewayConfig 적용 ==
gatewayconfig.aigateway.envoyproxy.io/memory-poc-gateway-config configured
gateway.gateway.networking.k8s.io/envoy-ai-gateway-basic annotated
deployment.apps/envoy-default-envoy-ai-gateway-basic-21a9f8f8 restarted
Waiting for deployment "envoy-default-envoy-ai-gateway-basic-21a9f8f8" rollout to finish: 1 old replicas are pending termination...
error: timed out waiting for the condition
EXPECTED_ROLLOUT_STATUS=1

== invalid image 반영 확인 ==
POD=envoy-default-envoy-ai-gateway-basic-21a9f8f8-7b6b4d7bb4-kb8xw
CURRENT_EXTPROC_IMAGE=registry.invalid/envoy-ai-gateway-memory-extproc:plan-a-check
NAME                                                             READY   STATUS         RESTARTS   AGE     IP            NODE                     NOMINATED NODE   READINESS GATES
envoy-default-envoy-ai-gateway-basic-21a9f8f8-7b6b4d7bb4-kb8xw   2/3     ErrImagePull   0          31s     10.244.0.16   aigw-v05-control-plane   <none>           <none>
envoy-default-envoy-ai-gateway-basic-21a9f8f8-7d6cdc8fbb-j2d4l   3/3     Running        0          2m16s   10.244.0.15   aigw-v05-control-plane   <none>           <none>

== 원래 GatewayConfig로 복구 ==
gatewayconfig.aigateway.envoyproxy.io/memory-poc-gateway-config configured
deployment.apps/envoy-default-envoy-ai-gateway-basic-21a9f8f8 restarted
Waiting for deployment "envoy-default-envoy-ai-gateway-basic-21a9f8f8" rollout to finish: 1 old replicas are pending termination...
Waiting for deployment "envoy-default-envoy-ai-gateway-basic-21a9f8f8" rollout to finish: 1 old replicas are pending termination...
deployment "envoy-default-envoy-ai-gateway-basic-21a9f8f8" successfully rolled out

== 복구 후 상태 ==
POD=envoy-default-envoy-ai-gateway-basic-21a9f8f8-c6c6768b8-vhq8q
docker.io/envoyproxy/ai-gateway-extproc:v0.5.0
NAME                                                             READY   STATUS        RESTARTS   AGE     IP            NODE                     NOMINATED NODE   READINESS GATES
envoy-default-envoy-ai-gateway-basic-21a9f8f8-7b6b4d7bb4-kb8xw   0/3     Terminating   0          43s     10.244.0.16   aigw-v05-control-plane   <none>           <none>
envoy-default-envoy-ai-gateway-basic-21a9f8f8-7d6cdc8fbb-j2d4l   3/3     Terminating   0          2m28s   10.244.0.15   aigw-v05-control-plane   <none>           <none>
envoy-default-envoy-ai-gateway-basic-21a9f8f8-c6c6768b8-vhq8q    3/3     Running       0          11s     10.244.0.17   aigw-v05-control-plane   <none>           <none>

== 검증 완료 ==
GatewayConfig로 ExtProc image override가 data plane Deployment에 반영됨을 확인했습니다.
