Name:         envoy-ai-gateway-basic
Namespace:    default
Labels:       <none>
Annotations:  <none>
API Version:  gateway.networking.k8s.io/v1
Kind:         Gateway
Metadata:
  Creation Timestamp:  2026-04-24T06:58:20Z
  Generation:          1
  Resource Version:    951
  UID:                 71fcbbf5-979d-4920-aff7-07c14152f2b4
Spec:
  Gateway Class Name:  envoy-ai-gateway-basic
  Infrastructure:
    Parameters Ref:
      Group:  gateway.envoyproxy.io
      Kind:   EnvoyProxy
      Name:   envoy-ai-gateway-basic
  Listeners:
    Allowed Routes:
      Namespaces:
        From:  Same
    Name:      http
    Port:      80
    Protocol:  HTTP
Status:
  Conditions:
    Last Transition Time:  2026-04-24T06:58:48Z
    Message:               The Gateway has been scheduled by Envoy Gateway
    Observed Generation:   1
    Reason:                Accepted
    Status:                True
    Type:                  Accepted
    Last Transition Time:  2026-04-24T06:58:48Z
    Message:               No addresses have been assigned to the Gateway
    Observed Generation:   1
    Reason:                AddressNotAssigned
    Status:                False
    Type:                  Programmed
  Listeners:
    Attached Routes:  1
    Conditions:
      Last Transition Time:  2026-04-24T06:58:48Z
      Message:               Sending translated listener configuration to the data plane
      Observed Generation:   1
      Reason:                Programmed
      Status:                True
      Type:                  Programmed
      Last Transition Time:  2026-04-24T06:58:48Z
      Message:               Listener has been successfully translated
      Observed Generation:   1
      Reason:                Accepted
      Status:                True
      Type:                  Accepted
      Last Transition Time:  2026-04-24T06:58:48Z
      Message:               Listener references have been resolved
      Observed Generation:   1
      Reason:                ResolvedRefs
      Status:                True
      Type:                  ResolvedRefs
    Name:                    http
    Supported Kinds:
      Group:  gateway.networking.k8s.io
      Kind:   HTTPRoute
      Group:  gateway.networking.k8s.io
      Kind:   GRPCRoute
Events:       <none>
