
== 적용 전 data plane 상태 ==
NAME                                                             READY   STATUS    RESTARTS      AGE     IP           NODE                     NOMINATED NODE   READINESS GATES
envoy-default-envoy-ai-gateway-basic-21a9f8f8-78bb85449b-2mjjc   2/3     Running   3 (90s ago)   2d13h   10.244.0.2   aigw-v05-control-plane   <none>           <none>
BEFORE_POD=envoy-default-envoy-ai-gateway-basic-21a9f8f8-78bb85449b-2mjjc

== GatewayConfig 적용 ==
gatewayconfig.aigateway.envoyproxy.io/memory-poc-gateway-config created

== Gateway annotation 연결 ==
gateway.gateway.networking.k8s.io/envoy-ai-gateway-basic annotated

== GatewayConfig 상태 ==
NAME                        STATUS
memory-poc-gateway-config   Accepted
Name:         memory-poc-gateway-config
Namespace:    default
Labels:       <none>
Annotations:  <none>
API Version:  aigateway.envoyproxy.io/v1alpha1
Kind:         GatewayConfig
Metadata:
  Creation Timestamp:  2026-04-26T20:36:54Z
  Generation:          1
  Resource Version:    20815
  UID:                 f37f86ef-bfa6-4585-8fc9-774124dbe760
Spec:
  Ext Proc:
    Kubernetes:
      Env:
        Name:   MEMORY_POC_MARKER
        Value:  gateway-config-v05
        Name:   MEMORY_TTL_SECONDS
        Value:  3600
        Name:   MEMORY_MAX_HISTORY_MESSAGES
        Value:  20
        Name:   REDIS_URL
        Value:  redis://redis.ai-gateway-memory.svc.cluster.local:6379
      Resources:
        Limits:
          Cpu:     250m
          Memory:  256Mi
        Requests:
          Cpu:     50m
          Memory:  64Mi
Status:
  Conditions:
    Last Transition Time:  2026-04-26T20:36:54Z
    Message:               GatewayConfig reconciled successfully
    Reason:                Accepted
    Status:                True
    Type:                  Accepted
Events:                    <none>

== data plane rollout 대기 ==
pod/envoy-default-envoy-ai-gateway-basic-21a9f8f8-78bb85449b-2mjjc condition met

== 적용 후 data plane 상태 ==
NAME                                                             READY   STATUS    RESTARTS      AGE     IP           NODE                     NOMINATED NODE   READINESS GATES
envoy-default-envoy-ai-gateway-basic-21a9f8f8-78bb85449b-2mjjc   3/3     Running   3 (97s ago)   2d13h   10.244.0.2   aigw-v05-control-plane   <none>           <none>
AFTER_POD=envoy-default-envoy-ai-gateway-basic-21a9f8f8-78bb85449b-2mjjc

== ai-gateway-extproc env 확인 ==

== ai-gateway-extproc resources 확인 ==
{}

== 검증 기준 ==
성공 기준:
- GatewayConfig가 default namespace에 존재한다.
- Gateway metadata.annotations에 aigateway.envoyproxy.io/gateway-config 값이 있다.
- ai-gateway-extproc 컨테이너 env에 MEMORY_POC_MARKER=gateway-config-v05가 있다.
- ai-gateway-extproc 컨테이너 resources에 requests/limits가 있다.
